java.lang.Exception: Error getting Bloop class path
  scala.build.blooprifle.BloopRifle$.startServer(BloopRifle.scala:48)
  scala.build.bloop.BloopServer$.startBloop$1(BloopServer.scala:79)
  scala.build.bloop.BloopServer$.ensureBloopRunning(BloopServer.scala:110)
  scala.build.bloop.BloopServer$.bsp(BloopServer.scala:154)
  scala.build.bloop.BloopServer$.buildServer(BloopServer.scala:184)
  scala.build.bsp.BspImpl.$anonfun$9(BspImpl.scala:413)
  scala.build.compiler.BloopCompiler.<init>(BloopCompiler.scala:13)
  scala.build.bsp.BspImpl.newBloopSession(BspImpl.scala:418)
  scala.build.bsp.BspImpl.run(BspImpl.scala:460)
  scala.cli.commands.bsp.Bsp$.runCommand$$anonfun$1(Bsp.scala:94)
  scala.runtime.function.JProcedure1.apply(JProcedure1.java:15)
  scala.runtime.function.JProcedure1.apply(JProcedure1.java:10)
  scala.build.bsp.BspThreads$.withThreads(BspThreads.scala:23)
  scala.cli.commands.bsp.Bsp$.runCommand(Bsp.scala:97)
  scala.cli.commands.bsp.Bsp$.runCommand(Bsp.scala:33)
  scala.cli.commands.ScalaCommand.run(ScalaCommand.scala:365)
  scala.cli.commands.ScalaCommand.run(ScalaCommand.scala:352)
  caseapp.core.app.CaseApp.main(CaseApp.scala:150)
  scala.cli.commands.ScalaCommand.main(ScalaCommand.scala:337)
  caseapp.core.app.CommandsEntryPoint.main(CommandsEntryPoint.scala:120)
  scala.cli.ScalaCliCommands.main(ScalaCliCommands.scala:124)
  scala.cli.ScalaCli$.main0(ScalaCli.scala:203)
  scala.cli.ScalaCli$.main(ScalaCli.scala:107)
  scala.cli.ScalaCli.main(ScalaCli.scala)
scala.build.errors.FetchingDependenciesError: Error downloading org.junit:junit-bom:5.9.1
  not found: C:\Users\MartinPichler\.ivy2\local\org.junit\junit-bom\5.9.1\ivys\ivy.xml
  not found: C:\Users\MartinPichler\AppData\Local\Coursier\cache\v1\.structure.lock (Access is denied)
  No fallback URL found
  scala.build.Artifacts$.fetch0$$anonfun$1$$anonfun$3(Artifacts.scala:516)
  scala.util.Either$LeftProjection.map(Either.scala:614)
  scala.build.Artifacts$.fetch0$$anonfun$1(Artifacts.scala:516)
  scala.build.EitherCps$Helper.apply(EitherCps.scala:19)
  scala.build.Artifacts$.fetch0(Artifacts.scala:518)
  scala.build.Artifacts$.fetch$$anonfun$1(Artifacts.scala:453)
  scala.build.EitherCps$Helper.apply(EitherCps.scala:19)
  scala.build.Artifacts$.fetch(Artifacts.scala:456)
  scala.build.Artifacts$.artifacts$$anonfun$1(Artifacts.scala:394)
  scala.build.EitherCps$Helper.apply(EitherCps.scala:19)
  scala.build.Artifacts$.artifacts(Artifacts.scala:407)
  scala.build.Bloop$.bloopClassPath$$anonfun$1(Bloop.scala:74)
  scala.build.EitherCps$Helper.apply(EitherCps.scala:19)
  scala.build.Bloop$.bloopClassPath(Bloop.scala:83)
  scala.build.Bloop$.bloopClassPath$$anonfun$2(Bloop.scala:105)
  scala.build.EitherCps$Helper.apply(EitherCps.scala:19)
  scala.build.Bloop$.bloopClassPath(Bloop.scala:108)
  scala.cli.commands.shared.SharedCompilationServerOptions.$anonfun$13(SharedCompilationServerOptions.scala:264)
  scala.build.blooprifle.BloopRifle$.startServer(BloopRifle.scala:47)
  scala.build.bloop.BloopServer$.startBloop$1(BloopServer.scala:79)
  scala.build.bloop.BloopServer$.ensureBloopRunning(BloopServer.scala:110)
  scala.build.bloop.BloopServer$.bsp(BloopServer.scala:154)
  scala.build.bloop.BloopServer$.buildServer(BloopServer.scala:184)
  scala.build.bsp.BspImpl.$anonfun$9(BspImpl.scala:413)
  scala.build.compiler.BloopCompiler.<init>(BloopCompiler.scala:13)
  scala.build.bsp.BspImpl.newBloopSession(BspImpl.scala:418)
  scala.build.bsp.BspImpl.run(BspImpl.scala:460)
  scala.cli.commands.bsp.Bsp$.runCommand$$anonfun$1(Bsp.scala:94)
  scala.runtime.function.JProcedure1.apply(JProcedure1.java:15)
  scala.runtime.function.JProcedure1.apply(JProcedure1.java:10)
  scala.build.bsp.BspThreads$.withThreads(BspThreads.scala:23)
  scala.cli.commands.bsp.Bsp$.runCommand(Bsp.scala:97)
  scala.cli.commands.bsp.Bsp$.runCommand(Bsp.scala:33)
  scala.cli.commands.ScalaCommand.run(ScalaCommand.scala:365)
  scala.cli.commands.ScalaCommand.run(ScalaCommand.scala:352)
  caseapp.core.app.CaseApp.main(CaseApp.scala:150)
  scala.cli.commands.ScalaCommand.main(ScalaCommand.scala:337)
  caseapp.core.app.CommandsEntryPoint.main(CommandsEntryPoint.scala:120)
  scala.cli.ScalaCliCommands.main(ScalaCliCommands.scala:124)
  scala.cli.ScalaCli$.main0(ScalaCli.scala:203)
  scala.cli.ScalaCli$.main(ScalaCli.scala:107)
  scala.cli.ScalaCli.main(ScalaCli.scala)
coursier.error.ResolutionError$CantDownloadModule: Error downloading org.junit:junit-bom:5.9.1
  not found: C:\Users\MartinPichler\.ivy2\local\org.junit\junit-bom\5.9.1\ivys\ivy.xml
  not found: C:\Users\MartinPichler\AppData\Local\Coursier\cache\v1\.structure.lock (Access is denied)
  No fallback URL found
  coursier.Resolve$.$anonfun$validate$1(Resolve.scala:367)
  scala.collection.immutable.List.map(List.scala:246)
  scala.collection.immutable.List.map(List.scala:79)
  coursier.Resolve$.validate(Resolve.scala:365)
  coursier.Resolve.validate0$1(Resolve.scala:137)
  coursier.Resolve.$anonfun$ioWithConflicts0$4(Resolve.scala:187)
  coursier.util.Task$.$anonfun$flatMap$extension$1(Task.scala:14)
  coursier.util.Task$.$anonfun$flatMap$extension$1$adapted(Task.scala:14)
  coursier.util.Task$.wrap(Task.scala:82)
  coursier.util.Task$.$anonfun$flatMap$2(Task.scala:14)
  scala.concurrent.impl.Promise$Transformation.run(Promise.scala:470)
  java.base@17.0.5/java.util.concurrent.ThreadPoolExecutor.runWorker(ThreadPoolExecutor.java:1136)
  java.base@17.0.5/java.util.concurrent.ThreadPoolExecutor$Worker.run(ThreadPoolExecutor.java:635)
  java.base@17.0.5/java.lang.Thread.run(Thread.java:833)
  com.oracle.svm.core.thread.PlatformThreads.threadStartRoutine(PlatformThreads.java:775)
  com.oracle.svm.core.windows.WindowsPlatformThreads.osThreadStartRoutine(WindowsPlatformThreads.java:178)
